<?xml version="1.0" encoding="UTF-8"?>
<!-- Generated by org.testng.reporters.JUnitReportReporter -->
<testsuite hostname="DESKTOP-8V979BB" failures="0" tests="2" name="com.capstone.AadharAdmin" time="18.813" errors="0" timestamp="2022-10-14T08:17:21 IST" skipped="0">
  <testcase classname="com.capstone.AadharAdmin" name="TestHome" time="13.458"/>
  <system-out/>
  <testcase classname="com.capstone.AadharAdmin" name="ChromeBrowser" time="5.355"/>
  <system-out/>
</testsuite> <!-- com.capstone.AadharAdmin -->
