<?xml version="1.0" encoding="UTF-8"?>
<!-- Generated by org.testng.reporters.JUnitReportReporter -->
<testsuite hostname="DESKTOP-8V979BB" failures="0" tests="2" name="com.capstone.AadharCitizen" time="15.381" errors="0" timestamp="2022-10-14T08:17:21 IST" skipped="0">
  <testcase classname="com.capstone.AadharCitizen" name="CitizenCheck" time="10.423"/>
  <system-out/>
  <testcase classname="com.capstone.AadharCitizen" name="ChromeBrowser" time="4.958"/>
  <system-out/>
</testsuite> <!-- com.capstone.AadharCitizen -->
