<?xml version="1.0" encoding="UTF-8"?>
<!-- Generated by org.testng.reporters.JUnitReportReporter -->
<testsuite hostname="DESKTOP-8V979BB" failures="0" tests="2" name="com.capstone.AadharRegister" time="13.642" errors="0" timestamp="2022-10-14T08:17:21 IST" skipped="0">
  <testcase classname="com.capstone.AadharRegister" name="TestHome" time="7.230"/>
  <system-out/>
  <testcase classname="com.capstone.AadharRegister" name="ChromeBrowser" time="6.412"/>
  <system-out/>
</testsuite> <!-- com.capstone.AadharRegister -->
